<?xml version="1.0" encoding="UTF-8"?>
<!-- Generated by org.testng.reporters.JUnitReportReporter -->
<testsuite hostname="C02T91RMH03Q" name="weatherReporting.WeatherAPITest" tests="1" failures="0" timestamp="5 Aug 2020 07:31:57 GMT" time="2.371" errors="0">
  <testcase name="GetWeatherDataByCity" time="2.371" classname="weatherReporting.WeatherAPITest"/>
</testsuite> <!-- weatherReporting.WeatherAPITest -->
